<?xml version="1.0" encoding="UTF-8"?>
<!-- Generated by org.testng.reporters.JUnitXMLReporter -->
<testsuite ignored="8" hostname="PIYAL-PC" failures="3" tests="6" name="Test" time="82.841" errors="0" timestamp="2021-09-17T12:03:09 IST">
  <testcase classname="com.crm.AutoDesk.LeadsTests.TC_01_NavigateToLeadPageTest" name="NavigateToLeadPageTest" time="6.707"/>
  <testcase classname="com.crm.AutoDesk.LeadsTests.TC_02_CreatNewLeadsByFillAllTheFieldsAndSaveTest" name="CreatNewLeadsByFillAllTheFieldsAndSave" time="7.845">
    <failure type="java.lang.AssertionError" message="expected [true] but found [false]">
      <![CDATA[java.lang.AssertionError: expected [true] but found [false]
at com.crm.AutoDesk.LeadsTests.TC_02_CreatNewLeadsByFillAllTheFieldsAndSaveTest.CreatNewLeadsByFillAllTheFieldsAndSave(TC_02_CreatNewLeadsByFillAllTheFieldsAndSaveTest.java:61)
at java.base/java.util.ArrayList.forEach(ArrayList.java:1511)
... Removed 33 stack frames]]>
    </failure>
  </testcase> <!-- CreatNewLeadsByFillAllTheFieldsAndSave -->
  <testcase classname="com.crm.AutoDesk.LeadsTests.TC_03_CreatNewLeadByFillAllTheMandatoryFieldsAndSaveTest" name="CreatNewLeadByFillAllTheMandatoryFieldsAndSave" time="11.159"/>
  <testcase classname="com.crm.AutoDesk.LeadsTests.TC_04_CreateNewLeadBykeepAllTheFieldsBlankAndSaveTest" name="CreateNewLeadBykeepAllTheFieldsBlankAndSave" time="5.829">
    <failure type="java.lang.AssertionError" message="expected [true] but found [false]">
      <![CDATA[java.lang.AssertionError: expected [true] but found [false]
at com.crm.AutoDesk.LeadsTests.TC_04_CreateNewLeadBykeepAllTheFieldsBlankAndSaveTest.CreateNewLeadBykeepAllTheFieldsBlankAndSave(TC_04_CreateNewLeadBykeepAllTheFieldsBlankAndSaveTest.java:55)
at java.base/java.util.ArrayList.forEach(ArrayList.java:1511)
... Removed 33 stack frames]]>
    </failure>
  </testcase> <!-- CreateNewLeadBykeepAllTheFieldsBlankAndSave -->
  <testcase classname="com.crm.AutoDesk.LeadsTests.TC_04_CreateNewLeadBykeepAllTheFieldsBlankAndSaveTest" name="CreateNewLeadBykeepAllTheFieldsBlankAndSave" time="11.248">
    <failure type="org.openqa.selenium.UnhandledAlertException" message="unexpected alert open: {Alert text : Last Name cannot be empty}
  (Session info: chrome=93.0.4577.82): Last Name cannot be empty
Build info: version: &amp;apos;3.141.59&amp;apos;, revision: &amp;apos;e82be7d358&amp;apos;, time: &amp;apos;2018-11-14T08:17:03&amp;apos;
System info: host: &amp;apos;PIYAL-PC&amp;apos;, ip: &amp;apos;192.168.43.249&amp;apos;, os.name: &amp;apos;Windows 7&amp;apos;, os.arch: &amp;apos;amd64&amp;apos;, os.version: &amp;apos;6.1&amp;apos;, java.version: &amp;apos;16.0.1&amp;apos;
Driver info: org.openqa.selenium.chrome.ChromeDriver
Capabilities {acceptInsecureCerts: false, browserName: chrome, browserVersion: 93.0.4577.82, chrome: {chromedriverVersion: 92.0.4515.43 (8c61b7e2989f2..., userDataDir: C:\Users\PIYAL\AppData\Loca...}, goog:chromeOptions: {debuggerAddress: localhost:63069}, javascriptEnabled: true, networkConnectionEnabled: false, pageLoadStrategy: normal, platform: WINDOWS, platformName: WINDOWS, proxy: Proxy(), setWindowRect: true, strictFileInteractability: false, timeouts: {implicit: 0, pageLoad: 300000, script: 30000}, unhandledPromptBehavior: dismiss and notify, webauthn:extension:credBlob: true, webauthn:extension:largeBlob: true, webauthn:virtualAuthenticators: true}
Session ID: 063b4df6e71e7568176dc0f2e37bbbf0">
      <![CDATA[org.openqa.selenium.UnhandledAlertException: unexpected alert open: {Alert text : Last Name cannot be empty}
  (Session info: chrome=93.0.4577.82): Last Name cannot be empty
Build info: version: '3.141.59', revision: 'e82be7d358', time: '2018-11-14T08:17:03'
System info: host: 'PIYAL-PC', ip: '192.168.43.249', os.name: 'Windows 7', os.arch: 'amd64', os.version: '6.1', java.version: '16.0.1'
Driver info: org.openqa.selenium.chrome.ChromeDriver
Capabilities {acceptInsecureCerts: false, browserName: chrome, browserVersion: 93.0.4577.82, chrome: {chromedriverVersion: 92.0.4515.43 (8c61b7e2989f2..., userDataDir: C:\Users\PIYAL\AppData\Loca...}, goog:chromeOptions: {debuggerAddress: localhost:63069}, javascriptEnabled: true, networkConnectionEnabled: false, pageLoadStrategy: normal, platform: WINDOWS, platformName: WINDOWS, proxy: Proxy(), setWindowRect: true, strictFileInteractability: false, timeouts: {implicit: 0, pageLoad: 300000, script: 30000}, unhandledPromptBehavior: dismiss and notify, webauthn:extension:credBlob: true, webauthn:extension:largeBlob: true, webauthn:virtualAuthenticators: true}
Session ID: 063b4df6e71e7568176dc0f2e37bbbf0
at org.openqa.selenium.remote.http.W3CHttpResponseCodec.decode(W3CHttpResponseCodec.java:120)
at org.openqa.selenium.remote.http.W3CHttpResponseCodec.decode(W3CHttpResponseCodec.java:49)
at org.openqa.selenium.remote.HttpCommandExecutor.execute(HttpCommandExecutor.java:158)
at org.openqa.selenium.remote.service.DriverCommandExecutor.execute(DriverCommandExecutor.java:83)
at org.openqa.selenium.remote.RemoteWebDriver.execute(RemoteWebDriver.java:552)
at org.openqa.selenium.remote.RemoteWebDriver.execute(RemoteWebDriver.java:609)
at org.openqa.selenium.remote.RemoteWebDriver.getScreenshotAs(RemoteWebDriver.java:295)
at com.crm.comcast.GenericUtility.BaseClass.getscreenshot(BaseClass.java:96)
at com.crm.comcast.GenericUtility.ListnerS.onTestFailure(ListnerS.java:31)
at java.base/java.util.ArrayList.forEach(ArrayList.java:1511)
... Removed 24 stack frames]]>
    </failure>
  </testcase> <!-- CreateNewLeadBykeepAllTheFieldsBlankAndSave -->
  <testcase classname="com.crm.AutoDesk.LeadsTests.TC_05_CreatNewLeadByKeepAllTheMandatoryFieldBlankAndSaveTest" name="CreatNewLeadByKeepAllTheMandatoryFieldBlankAndSave" time="9.143"/>
  <testcase classname="com.crm.comcast.GenericUtility.BaseClass" name="@BeforeSuite connectDB" time="0.0">
    <ignored/>
  </testcase> <!-- @BeforeSuite connectDB -->
  <testcase classname="com.crm.comcast.GenericUtility.BaseClass" name="@BeforeSuite connectDB" time="0.0">
    <ignored/>
  </testcase> <!-- @BeforeSuite connectDB -->
  <testcase classname="com.crm.comcast.GenericUtility.BaseClass" name="@BeforeSuite connectDB" time="0.0">
    <ignored/>
  </testcase> <!-- @BeforeSuite connectDB -->
  <testcase classname="com.crm.comcast.GenericUtility.BaseClass" name="@BeforeSuite connectDB" time="0.0">
    <ignored/>
  </testcase> <!-- @BeforeSuite connectDB -->
  <testcase classname="com.crm.comcast.GenericUtility.BaseClass" name="@AfterSuite closeDB" time="0.0">
    <ignored/>
  </testcase> <!-- @AfterSuite closeDB -->
  <testcase classname="com.crm.comcast.GenericUtility.BaseClass" name="@AfterSuite closeDB" time="0.0">
    <ignored/>
  </testcase> <!-- @AfterSuite closeDB -->
  <testcase classname="com.crm.comcast.GenericUtility.BaseClass" name="@AfterSuite closeDB" time="0.0">
    <ignored/>
  </testcase> <!-- @AfterSuite closeDB -->
  <testcase classname="com.crm.comcast.GenericUtility.BaseClass" name="@AfterSuite closeDB" time="0.0">
    <ignored/>
  </testcase> <!-- @AfterSuite closeDB -->
</testsuite> <!-- Test -->
